#! /usr/bin/vvp
:ivl_version "10.1 (stable)";
:ivl_delay_selection "TYPICAL";
:vpi_time_precision + 0;
:vpi_module "system";
:vpi_module "vhdl_sys";
:vpi_module "v2005_math";
:vpi_module "va_math";
S_0x557951b5c330 .scope module, "contador32bits" "contador32bits" 2 8;
 .timescale 0 0;
    .port_info 0 /INPUT 1 "enable"
    .port_info 1 /INPUT 1 "clk"
    .port_info 2 /INPUT 1 "reset"
    .port_info 3 /INPUT 2 "mode"
    .port_info 4 /INPUT 4 "D"
    .port_info 5 /OUTPUT 1 "load"
    .port_info 6 /OUTPUT 1 "rco"
    .port_info 7 /OUTPUT 32 "Q"
P_0x557951b323f0 .param/l "N" 0 2 18, +C4<00000000000000000000000000100000>;
o0x7fe12f09c018 .functor BUFZ 4, C4<zzzz>; HiZ drive
v0x557951b81840_0 .net "D", 3 0, o0x7fe12f09c018;  0 drivers
v0x557951b81a30_0 .net "Q", 0 31, L_0x557951b82440;  1 drivers
o0x7fe12f09c078 .functor BUFZ 1, C4<z>; HiZ drive
v0x557951b81b10_0 .net "clk", 0 0, o0x7fe12f09c078;  0 drivers
o0x7fe12f09cd38 .functor BUFZ 1, C4<z>; HiZ drive
v0x557951b81cc0_0 .net "enable", 0 0, o0x7fe12f09cd38;  0 drivers
RS_0x7fe12f09c0d8 .resolv tri, v0x557951b51410_0, v0x557951b7ca00_0, v0x557951b7d6f0_0, v0x557951b7e420_0, v0x557951b7f190_0, v0x557951b7fdb0_0, v0x557951b80a40_0, v0x557951b81400_0;
v0x557951b81d60_0 .net8 "load", 0 0, RS_0x7fe12f09c0d8;  8 drivers
o0x7fe12f09c108 .functor BUFZ 2, C4<zz>; HiZ drive
v0x557951b81f10_0 .net "mode", 1 0, o0x7fe12f09c108;  0 drivers
RS_0x7fe12f09c0a8 .resolv tri, v0x557951b58450_0, v0x557951b7cb90_0, v0x557951b7d8d0_0, v0x557951b7e5b0_0, v0x557951b7f360_0, v0x557951b7ff40_0, v0x557951b80bd0_0, v0x557951b815b0_0;
v0x557951b820c0_0 .net8 "rco", 0 0, RS_0x7fe12f09c0a8;  8 drivers
o0x7fe12f09c138 .functor BUFZ 1, C4<z>; HiZ drive
v0x557951b82160_0 .net "reset", 0 0, o0x7fe12f09c138;  0 drivers
LS_0x557951b82440_0_0 .concat8 [ 4 4 4 4], v0x557951b80820_0, v0x557951b7fb90_0, v0x557951b7eee0_0, v0x557951b7e200_0;
LS_0x557951b82440_0_4 .concat8 [ 4 4 4 4], v0x557951b7d480_0, v0x557951b7c7b0_0, v0x557951b46b50_0, v0x557951b811e0_0;
L_0x557951b82440 .concat8 [ 16 16 0 0], LS_0x557951b82440_0_0, LS_0x557951b82440_0_4;
S_0x557951b5c4b0 .scope generate, "genblk1[4]" "genblk1[4]" 2 22, 2 22 0, S_0x557951b5c330;
 .timescale 0 0;
P_0x557951b582b0 .param/l "i" 0 2 22, +C4<0100>;
S_0x557951b5c630 .scope module, "op" "contador" 2 23, 3 7 0, S_0x557951b5c4b0;
 .timescale 0 0;
    .port_info 0 /INPUT 1 "enable"
    .port_info 1 /INPUT 1 "clk"
    .port_info 2 /INPUT 1 "reset"
    .port_info 3 /INPUT 2 "mode"
    .port_info 4 /INPUT 4 "D"
    .port_info 5 /OUTPUT 1 "load"
    .port_info 6 /OUTPUT 1 "rco"
    .port_info 7 /OUTPUT 4 "Q"
v0x557951b431f0_0 .net "D", 3 0, o0x7fe12f09c018;  alias, 0 drivers
v0x557951b46b50_0 .var "Q", 3 0;
v0x557951b4a370_0 .net "clk", 0 0, o0x7fe12f09c078;  alias, 0 drivers
v0x557951b4dbf0_0 .net8 "enable", 0 0, RS_0x7fe12f09c0a8;  alias, 8 drivers
v0x557951b51410_0 .var "load", 0 0;
v0x557951b54c30_0 .net "mode", 1 0, o0x7fe12f09c108;  alias, 0 drivers
v0x557951b58450_0 .var "rco", 0 0;
v0x557951b7c040_0 .net "reset", 0 0, o0x7fe12f09c138;  alias, 0 drivers
E_0x557951af48e0 .event posedge, v0x557951b4a370_0;
S_0x557951b7c230 .scope generate, "genblk1[8]" "genblk1[8]" 2 22, 2 22 0, S_0x557951b5c330;
 .timescale 0 0;
P_0x557951b7c3f0 .param/l "i" 0 2 22, +C4<01000>;
S_0x557951b7c4b0 .scope module, "op" "contador" 2 23, 3 7 0, S_0x557951b7c230;
 .timescale 0 0;
    .port_info 0 /INPUT 1 "enable"
    .port_info 1 /INPUT 1 "clk"
    .port_info 2 /INPUT 1 "reset"
    .port_info 3 /INPUT 2 "mode"
    .port_info 4 /INPUT 4 "D"
    .port_info 5 /OUTPUT 1 "load"
    .port_info 6 /OUTPUT 1 "rco"
    .port_info 7 /OUTPUT 4 "Q"
v0x557951b7c6d0_0 .net "D", 3 0, o0x7fe12f09c018;  alias, 0 drivers
v0x557951b7c7b0_0 .var "Q", 3 0;
v0x557951b7c870_0 .net "clk", 0 0, o0x7fe12f09c078;  alias, 0 drivers
v0x557951b7c910_0 .net8 "enable", 0 0, RS_0x7fe12f09c0a8;  alias, 8 drivers
v0x557951b7ca00_0 .var "load", 0 0;
v0x557951b7caf0_0 .net "mode", 1 0, o0x7fe12f09c108;  alias, 0 drivers
v0x557951b7cb90_0 .var "rco", 0 0;
v0x557951b7cc30_0 .net "reset", 0 0, o0x7fe12f09c138;  alias, 0 drivers
S_0x557951b7cdd0 .scope generate, "genblk1[12]" "genblk1[12]" 2 22, 2 22 0, S_0x557951b5c330;
 .timescale 0 0;
P_0x557951b7cfa0 .param/l "i" 0 2 22, +C4<01100>;
S_0x557951b7d060 .scope module, "op" "contador" 2 23, 3 7 0, S_0x557951b7cdd0;
 .timescale 0 0;
    .port_info 0 /INPUT 1 "enable"
    .port_info 1 /INPUT 1 "clk"
    .port_info 2 /INPUT 1 "reset"
    .port_info 3 /INPUT 2 "mode"
    .port_info 4 /INPUT 4 "D"
    .port_info 5 /OUTPUT 1 "load"
    .port_info 6 /OUTPUT 1 "rco"
    .port_info 7 /OUTPUT 4 "Q"
v0x557951b7d350_0 .net "D", 3 0, o0x7fe12f09c018;  alias, 0 drivers
v0x557951b7d480_0 .var "Q", 3 0;
v0x557951b7d560_0 .net "clk", 0 0, o0x7fe12f09c078;  alias, 0 drivers
v0x557951b7d650_0 .net8 "enable", 0 0, RS_0x7fe12f09c0a8;  alias, 8 drivers
v0x557951b7d6f0_0 .var "load", 0 0;
v0x557951b7d7e0_0 .net "mode", 1 0, o0x7fe12f09c108;  alias, 0 drivers
v0x557951b7d8d0_0 .var "rco", 0 0;
v0x557951b7d970_0 .net "reset", 0 0, o0x7fe12f09c138;  alias, 0 drivers
S_0x557951b7dbb0 .scope generate, "genblk1[16]" "genblk1[16]" 2 22, 2 22 0, S_0x557951b5c330;
 .timescale 0 0;
P_0x557951b7dd50 .param/l "i" 0 2 22, +C4<010000>;
S_0x557951b7de30 .scope module, "op" "contador" 2 23, 3 7 0, S_0x557951b7dbb0;
 .timescale 0 0;
    .port_info 0 /INPUT 1 "enable"
    .port_info 1 /INPUT 1 "clk"
    .port_info 2 /INPUT 1 "reset"
    .port_info 3 /INPUT 2 "mode"
    .port_info 4 /INPUT 4 "D"
    .port_info 5 /OUTPUT 1 "load"
    .port_info 6 /OUTPUT 1 "rco"
    .port_info 7 /OUTPUT 4 "Q"
v0x557951b7e120_0 .net "D", 3 0, o0x7fe12f09c018;  alias, 0 drivers
v0x557951b7e200_0 .var "Q", 3 0;
v0x557951b7e2e0_0 .net "clk", 0 0, o0x7fe12f09c078;  alias, 0 drivers
v0x557951b7e380_0 .net8 "enable", 0 0, RS_0x7fe12f09c0a8;  alias, 8 drivers
v0x557951b7e420_0 .var "load", 0 0;
v0x557951b7e510_0 .net "mode", 1 0, o0x7fe12f09c108;  alias, 0 drivers
v0x557951b7e5b0_0 .var "rco", 0 0;
v0x557951b7e650_0 .net "reset", 0 0, o0x7fe12f09c138;  alias, 0 drivers
S_0x557951b7e840 .scope generate, "genblk1[20]" "genblk1[20]" 2 22, 2 22 0, S_0x557951b5c330;
 .timescale 0 0;
P_0x557951b7ea30 .param/l "i" 0 2 22, +C4<010100>;
S_0x557951b7eb10 .scope module, "op" "contador" 2 23, 3 7 0, S_0x557951b7e840;
 .timescale 0 0;
    .port_info 0 /INPUT 1 "enable"
    .port_info 1 /INPUT 1 "clk"
    .port_info 2 /INPUT 1 "reset"
    .port_info 3 /INPUT 2 "mode"
    .port_info 4 /INPUT 4 "D"
    .port_info 5 /OUTPUT 1 "load"
    .port_info 6 /OUTPUT 1 "rco"
    .port_info 7 /OUTPUT 4 "Q"
v0x557951b7ee00_0 .net "D", 3 0, o0x7fe12f09c018;  alias, 0 drivers
v0x557951b7eee0_0 .var "Q", 3 0;
v0x557951b7efc0_0 .net "clk", 0 0, o0x7fe12f09c078;  alias, 0 drivers
v0x557951b7f0f0_0 .net8 "enable", 0 0, RS_0x7fe12f09c0a8;  alias, 8 drivers
v0x557951b7f190_0 .var "load", 0 0;
v0x557951b7f230_0 .net "mode", 1 0, o0x7fe12f09c108;  alias, 0 drivers
v0x557951b7f360_0 .var "rco", 0 0;
v0x557951b7f400_0 .net "reset", 0 0, o0x7fe12f09c138;  alias, 0 drivers
S_0x557951b7f630 .scope generate, "genblk1[24]" "genblk1[24]" 2 22, 2 22 0, S_0x557951b5c330;
 .timescale 0 0;
P_0x557951b7d880 .param/l "i" 0 2 22, +C4<011000>;
S_0x557951b7f860 .scope module, "op" "contador" 2 23, 3 7 0, S_0x557951b7f630;
 .timescale 0 0;
    .port_info 0 /INPUT 1 "enable"
    .port_info 1 /INPUT 1 "clk"
    .port_info 2 /INPUT 1 "reset"
    .port_info 3 /INPUT 2 "mode"
    .port_info 4 /INPUT 4 "D"
    .port_info 5 /OUTPUT 1 "load"
    .port_info 6 /OUTPUT 1 "rco"
    .port_info 7 /OUTPUT 4 "Q"
v0x557951b7fab0_0 .net "D", 3 0, o0x7fe12f09c018;  alias, 0 drivers
v0x557951b7fb90_0 .var "Q", 3 0;
v0x557951b7fc70_0 .net "clk", 0 0, o0x7fe12f09c078;  alias, 0 drivers
v0x557951b7fd10_0 .net8 "enable", 0 0, RS_0x7fe12f09c0a8;  alias, 8 drivers
v0x557951b7fdb0_0 .var "load", 0 0;
v0x557951b7fea0_0 .net "mode", 1 0, o0x7fe12f09c108;  alias, 0 drivers
v0x557951b7ff40_0 .var "rco", 0 0;
v0x557951b7ffe0_0 .net "reset", 0 0, o0x7fe12f09c138;  alias, 0 drivers
S_0x557951b801d0 .scope generate, "genblk1[28]" "genblk1[28]" 2 22, 2 22 0, S_0x557951b5c330;
 .timescale 0 0;
P_0x557951b80370 .param/l "i" 0 2 22, +C4<011100>;
S_0x557951b80450 .scope module, "op" "contador" 2 23, 3 7 0, S_0x557951b801d0;
 .timescale 0 0;
    .port_info 0 /INPUT 1 "enable"
    .port_info 1 /INPUT 1 "clk"
    .port_info 2 /INPUT 1 "reset"
    .port_info 3 /INPUT 2 "mode"
    .port_info 4 /INPUT 4 "D"
    .port_info 5 /OUTPUT 1 "load"
    .port_info 6 /OUTPUT 1 "rco"
    .port_info 7 /OUTPUT 4 "Q"
v0x557951b80740_0 .net "D", 3 0, o0x7fe12f09c018;  alias, 0 drivers
v0x557951b80820_0 .var "Q", 3 0;
v0x557951b80900_0 .net "clk", 0 0, o0x7fe12f09c078;  alias, 0 drivers
v0x557951b809a0_0 .net8 "enable", 0 0, RS_0x7fe12f09c0a8;  alias, 8 drivers
v0x557951b80a40_0 .var "load", 0 0;
v0x557951b80b30_0 .net "mode", 1 0, o0x7fe12f09c108;  alias, 0 drivers
v0x557951b80bd0_0 .var "rco", 0 0;
v0x557951b80c70_0 .net "reset", 0 0, o0x7fe12f09c138;  alias, 0 drivers
S_0x557951b80e60 .scope module, "op" "contador" 2 21, 3 7 0, S_0x557951b5c330;
 .timescale 0 0;
    .port_info 0 /INPUT 1 "enable"
    .port_info 1 /INPUT 1 "clk"
    .port_info 2 /INPUT 1 "reset"
    .port_info 3 /INPUT 2 "mode"
    .port_info 4 /INPUT 4 "D"
    .port_info 5 /OUTPUT 1 "load"
    .port_info 6 /OUTPUT 1 "rco"
    .port_info 7 /OUTPUT 4 "Q"
v0x557951b81100_0 .net "D", 3 0, o0x7fe12f09c018;  alias, 0 drivers
v0x557951b811e0_0 .var "Q", 3 0;
v0x557951b812c0_0 .net "clk", 0 0, o0x7fe12f09c078;  alias, 0 drivers
v0x557951b81360_0 .net "enable", 0 0, o0x7fe12f09cd38;  alias, 0 drivers
v0x557951b81400_0 .var "load", 0 0;
v0x557951b814f0_0 .net "mode", 1 0, o0x7fe12f09c108;  alias, 0 drivers
v0x557951b815b0_0 .var "rco", 0 0;
v0x557951b81650_0 .net "reset", 0 0, o0x7fe12f09c138;  alias, 0 drivers
    .scope S_0x557951b5c630;
T_0 ;
    %pushi/vec4 0, 0, 4;
    %store/vec4 v0x557951b46b50_0, 0, 4;
    %end;
    .thread T_0;
    .scope S_0x557951b5c630;
T_1 ;
    %wait E_0x557951af48e0;
    %load/vec4 v0x557951b54c30_0;
    %dup/vec4;
    %pushi/vec4 0, 0, 2;
    %cmp/u;
    %jmp/1 T_1.0, 6;
    %dup/vec4;
    %pushi/vec4 1, 0, 2;
    %cmp/u;
    %jmp/1 T_1.1, 6;
    %dup/vec4;
    %pushi/vec4 2, 0, 2;
    %cmp/u;
    %jmp/1 T_1.2, 6;
    %dup/vec4;
    %pushi/vec4 3, 0, 2;
    %cmp/u;
    %jmp/1 T_1.3, 6;
    %jmp T_1.4;
T_1.0 ;
    %load/vec4 v0x557951b7c040_0;
    %pad/u 32;
    %cmpi/e 1, 0, 32;
    %jmp/0xz  T_1.5, 4;
    %pushi/vec4 0, 0, 1;
    %store/vec4 v0x557951b51410_0, 0, 1;
    %pushi/vec4 0, 0, 1;
    %store/vec4 v0x557951b58450_0, 0, 1;
    %pushi/vec4 0, 0, 4;
    %store/vec4 v0x557951b46b50_0, 0, 4;
    %jmp T_1.6;
T_1.5 ;
    %load/vec4 v0x557951b46b50_0;
    %addi 1, 0, 4;
    %store/vec4 v0x557951b46b50_0, 0, 4;
    %pushi/vec4 0, 0, 1;
    %store/vec4 v0x557951b51410_0, 0, 1;
    %load/vec4 v0x557951b46b50_0;
    %cmpi/e 15, 0, 4;
    %jmp/0xz  T_1.7, 4;
    %pushi/vec4 1, 0, 1;
    %store/vec4 v0x557951b58450_0, 0, 1;
    %jmp T_1.8;
T_1.7 ;
    %pushi/vec4 0, 0, 1;
    %store/vec4 v0x557951b58450_0, 0, 1;
T_1.8 ;
T_1.6 ;
    %jmp T_1.4;
T_1.1 ;
    %load/vec4 v0x557951b7c040_0;
    %pad/u 32;
    %cmpi/e 1, 0, 32;
    %jmp/0xz  T_1.9, 4;
    %pushi/vec4 0, 0, 1;
    %store/vec4 v0x557951b51410_0, 0, 1;
    %pushi/vec4 0, 0, 1;
    %store/vec4 v0x557951b58450_0, 0, 1;
    %pushi/vec4 0, 0, 4;
    %store/vec4 v0x557951b46b50_0, 0, 4;
    %jmp T_1.10;
T_1.9 ;
    %load/vec4 v0x557951b46b50_0;
    %subi 1, 0, 4;
    %store/vec4 v0x557951b46b50_0, 0, 4;
    %pushi/vec4 0, 0, 1;
    %store/vec4 v0x557951b51410_0, 0, 1;
    %load/vec4 v0x557951b46b50_0;
    %pad/u 32;
    %cmpi/e 0, 0, 32;
    %jmp/0xz  T_1.11, 4;
    %pushi/vec4 1, 0, 1;
    %store/vec4 v0x557951b58450_0, 0, 1;
    %jmp T_1.12;
T_1.11 ;
    %pushi/vec4 0, 0, 1;
    %store/vec4 v0x557951b58450_0, 0, 1;
T_1.12 ;
T_1.10 ;
    %jmp T_1.4;
T_1.2 ;
    %load/vec4 v0x557951b7c040_0;
    %pad/u 32;
    %cmpi/e 1, 0, 32;
    %jmp/0xz  T_1.13, 4;
    %pushi/vec4 0, 0, 1;
    %store/vec4 v0x557951b51410_0, 0, 1;
    %pushi/vec4 0, 0, 1;
    %store/vec4 v0x557951b58450_0, 0, 1;
    %pushi/vec4 0, 0, 4;
    %store/vec4 v0x557951b46b50_0, 0, 4;
    %jmp T_1.14;
T_1.13 ;
    %load/vec4 v0x557951b46b50_0;
    %addi 3, 0, 4;
    %store/vec4 v0x557951b46b50_0, 0, 4;
    %pushi/vec4 0, 0, 1;
    %store/vec4 v0x557951b51410_0, 0, 1;
    %load/vec4 v0x557951b46b50_0;
    %cmpi/e 15, 0, 4;
    %jmp/0xz  T_1.15, 4;
    %pushi/vec4 1, 0, 1;
    %store/vec4 v0x557951b58450_0, 0, 1;
    %jmp T_1.16;
T_1.15 ;
    %pushi/vec4 0, 0, 1;
    %store/vec4 v0x557951b58450_0, 0, 1;
T_1.16 ;
T_1.14 ;
    %jmp T_1.4;
T_1.3 ;
    %load/vec4 v0x557951b7c040_0;
    %pad/u 32;
    %cmpi/e 1, 0, 32;
    %jmp/0xz  T_1.17, 4;
    %pushi/vec4 0, 0, 1;
    %store/vec4 v0x557951b51410_0, 0, 1;
    %pushi/vec4 0, 0, 1;
    %store/vec4 v0x557951b58450_0, 0, 1;
    %pushi/vec4 0, 0, 4;
    %store/vec4 v0x557951b46b50_0, 0, 4;
    %jmp T_1.18;
T_1.17 ;
    %load/vec4 v0x557951b431f0_0;
    %store/vec4 v0x557951b46b50_0, 0, 4;
    %pushi/vec4 1, 0, 1;
    %store/vec4 v0x557951b51410_0, 0, 1;
    %pushi/vec4 0, 0, 1;
    %store/vec4 v0x557951b58450_0, 0, 1;
T_1.18 ;
    %jmp T_1.4;
T_1.4 ;
    %pop/vec4 1;
    %jmp T_1;
    .thread T_1;
    .scope S_0x557951b7c4b0;
T_2 ;
    %pushi/vec4 0, 0, 4;
    %store/vec4 v0x557951b7c7b0_0, 0, 4;
    %end;
    .thread T_2;
    .scope S_0x557951b7c4b0;
T_3 ;
    %wait E_0x557951af48e0;
    %load/vec4 v0x557951b7caf0_0;
    %dup/vec4;
    %pushi/vec4 0, 0, 2;
    %cmp/u;
    %jmp/1 T_3.0, 6;
    %dup/vec4;
    %pushi/vec4 1, 0, 2;
    %cmp/u;
    %jmp/1 T_3.1, 6;
    %dup/vec4;
    %pushi/vec4 2, 0, 2;
    %cmp/u;
    %jmp/1 T_3.2, 6;
    %dup/vec4;
    %pushi/vec4 3, 0, 2;
    %cmp/u;
    %jmp/1 T_3.3, 6;
    %jmp T_3.4;
T_3.0 ;
    %load/vec4 v0x557951b7cc30_0;
    %pad/u 32;
    %cmpi/e 1, 0, 32;
    %jmp/0xz  T_3.5, 4;
    %pushi/vec4 0, 0, 1;
    %store/vec4 v0x557951b7ca00_0, 0, 1;
    %pushi/vec4 0, 0, 1;
    %store/vec4 v0x557951b7cb90_0, 0, 1;
    %pushi/vec4 0, 0, 4;
    %store/vec4 v0x557951b7c7b0_0, 0, 4;
    %jmp T_3.6;
T_3.5 ;
    %load/vec4 v0x557951b7c7b0_0;
    %addi 1, 0, 4;
    %store/vec4 v0x557951b7c7b0_0, 0, 4;
    %pushi/vec4 0, 0, 1;
    %store/vec4 v0x557951b7ca00_0, 0, 1;
    %load/vec4 v0x557951b7c7b0_0;
    %cmpi/e 15, 0, 4;
    %jmp/0xz  T_3.7, 4;
    %pushi/vec4 1, 0, 1;
    %store/vec4 v0x557951b7cb90_0, 0, 1;
    %jmp T_3.8;
T_3.7 ;
    %pushi/vec4 0, 0, 1;
    %store/vec4 v0x557951b7cb90_0, 0, 1;
T_3.8 ;
T_3.6 ;
    %jmp T_3.4;
T_3.1 ;
    %load/vec4 v0x557951b7cc30_0;
    %pad/u 32;
    %cmpi/e 1, 0, 32;
    %jmp/0xz  T_3.9, 4;
    %pushi/vec4 0, 0, 1;
    %store/vec4 v0x557951b7ca00_0, 0, 1;
    %pushi/vec4 0, 0, 1;
    %store/vec4 v0x557951b7cb90_0, 0, 1;
    %pushi/vec4 0, 0, 4;
    %store/vec4 v0x557951b7c7b0_0, 0, 4;
    %jmp T_3.10;
T_3.9 ;
    %load/vec4 v0x557951b7c7b0_0;
    %subi 1, 0, 4;
    %store/vec4 v0x557951b7c7b0_0, 0, 4;
    %pushi/vec4 0, 0, 1;
    %store/vec4 v0x557951b7ca00_0, 0, 1;
    %load/vec4 v0x557951b7c7b0_0;
    %pad/u 32;
    %cmpi/e 0, 0, 32;
    %jmp/0xz  T_3.11, 4;
    %pushi/vec4 1, 0, 1;
    %store/vec4 v0x557951b7cb90_0, 0, 1;
    %jmp T_3.12;
T_3.11 ;
    %pushi/vec4 0, 0, 1;
    %store/vec4 v0x557951b7cb90_0, 0, 1;
T_3.12 ;
T_3.10 ;
    %jmp T_3.4;
T_3.2 ;
    %load/vec4 v0x557951b7cc30_0;
    %pad/u 32;
    %cmpi/e 1, 0, 32;
    %jmp/0xz  T_3.13, 4;
    %pushi/vec4 0, 0, 1;
    %store/vec4 v0x557951b7ca00_0, 0, 1;
    %pushi/vec4 0, 0, 1;
    %store/vec4 v0x557951b7cb90_0, 0, 1;
    %pushi/vec4 0, 0, 4;
    %store/vec4 v0x557951b7c7b0_0, 0, 4;
    %jmp T_3.14;
T_3.13 ;
    %load/vec4 v0x557951b7c7b0_0;
    %addi 3, 0, 4;
    %store/vec4 v0x557951b7c7b0_0, 0, 4;
    %pushi/vec4 0, 0, 1;
    %store/vec4 v0x557951b7ca00_0, 0, 1;
    %load/vec4 v0x557951b7c7b0_0;
    %cmpi/e 15, 0, 4;
    %jmp/0xz  T_3.15, 4;
    %pushi/vec4 1, 0, 1;
    %store/vec4 v0x557951b7cb90_0, 0, 1;
    %jmp T_3.16;
T_3.15 ;
    %pushi/vec4 0, 0, 1;
    %store/vec4 v0x557951b7cb90_0, 0, 1;
T_3.16 ;
T_3.14 ;
    %jmp T_3.4;
T_3.3 ;
    %load/vec4 v0x557951b7cc30_0;
    %pad/u 32;
    %cmpi/e 1, 0, 32;
    %jmp/0xz  T_3.17, 4;
    %pushi/vec4 0, 0, 1;
    %store/vec4 v0x557951b7ca00_0, 0, 1;
    %pushi/vec4 0, 0, 1;
    %store/vec4 v0x557951b7cb90_0, 0, 1;
    %pushi/vec4 0, 0, 4;
    %store/vec4 v0x557951b7c7b0_0, 0, 4;
    %jmp T_3.18;
T_3.17 ;
    %load/vec4 v0x557951b7c6d0_0;
    %store/vec4 v0x557951b7c7b0_0, 0, 4;
    %pushi/vec4 1, 0, 1;
    %store/vec4 v0x557951b7ca00_0, 0, 1;
    %pushi/vec4 0, 0, 1;
    %store/vec4 v0x557951b7cb90_0, 0, 1;
T_3.18 ;
    %jmp T_3.4;
T_3.4 ;
    %pop/vec4 1;
    %jmp T_3;
    .thread T_3;
    .scope S_0x557951b7d060;
T_4 ;
    %pushi/vec4 0, 0, 4;
    %store/vec4 v0x557951b7d480_0, 0, 4;
    %end;
    .thread T_4;
    .scope S_0x557951b7d060;
T_5 ;
    %wait E_0x557951af48e0;
    %load/vec4 v0x557951b7d7e0_0;
    %dup/vec4;
    %pushi/vec4 0, 0, 2;
    %cmp/u;
    %jmp/1 T_5.0, 6;
    %dup/vec4;
    %pushi/vec4 1, 0, 2;
    %cmp/u;
    %jmp/1 T_5.1, 6;
    %dup/vec4;
    %pushi/vec4 2, 0, 2;
    %cmp/u;
    %jmp/1 T_5.2, 6;
    %dup/vec4;
    %pushi/vec4 3, 0, 2;
    %cmp/u;
    %jmp/1 T_5.3, 6;
    %jmp T_5.4;
T_5.0 ;
    %load/vec4 v0x557951b7d970_0;
    %pad/u 32;
    %cmpi/e 1, 0, 32;
    %jmp/0xz  T_5.5, 4;
    %pushi/vec4 0, 0, 1;
    %store/vec4 v0x557951b7d6f0_0, 0, 1;
    %pushi/vec4 0, 0, 1;
    %store/vec4 v0x557951b7d8d0_0, 0, 1;
    %pushi/vec4 0, 0, 4;
    %store/vec4 v0x557951b7d480_0, 0, 4;
    %jmp T_5.6;
T_5.5 ;
    %load/vec4 v0x557951b7d480_0;
    %addi 1, 0, 4;
    %store/vec4 v0x557951b7d480_0, 0, 4;
    %pushi/vec4 0, 0, 1;
    %store/vec4 v0x557951b7d6f0_0, 0, 1;
    %load/vec4 v0x557951b7d480_0;
    %cmpi/e 15, 0, 4;
    %jmp/0xz  T_5.7, 4;
    %pushi/vec4 1, 0, 1;
    %store/vec4 v0x557951b7d8d0_0, 0, 1;
    %jmp T_5.8;
T_5.7 ;
    %pushi/vec4 0, 0, 1;
    %store/vec4 v0x557951b7d8d0_0, 0, 1;
T_5.8 ;
T_5.6 ;
    %jmp T_5.4;
T_5.1 ;
    %load/vec4 v0x557951b7d970_0;
    %pad/u 32;
    %cmpi/e 1, 0, 32;
    %jmp/0xz  T_5.9, 4;
    %pushi/vec4 0, 0, 1;
    %store/vec4 v0x557951b7d6f0_0, 0, 1;
    %pushi/vec4 0, 0, 1;
    %store/vec4 v0x557951b7d8d0_0, 0, 1;
    %pushi/vec4 0, 0, 4;
    %store/vec4 v0x557951b7d480_0, 0, 4;
    %jmp T_5.10;
T_5.9 ;
    %load/vec4 v0x557951b7d480_0;
    %subi 1, 0, 4;
    %store/vec4 v0x557951b7d480_0, 0, 4;
    %pushi/vec4 0, 0, 1;
    %store/vec4 v0x557951b7d6f0_0, 0, 1;
    %load/vec4 v0x557951b7d480_0;
    %pad/u 32;
    %cmpi/e 0, 0, 32;
    %jmp/0xz  T_5.11, 4;
    %pushi/vec4 1, 0, 1;
    %store/vec4 v0x557951b7d8d0_0, 0, 1;
    %jmp T_5.12;
T_5.11 ;
    %pushi/vec4 0, 0, 1;
    %store/vec4 v0x557951b7d8d0_0, 0, 1;
T_5.12 ;
T_5.10 ;
    %jmp T_5.4;
T_5.2 ;
    %load/vec4 v0x557951b7d970_0;
    %pad/u 32;
    %cmpi/e 1, 0, 32;
    %jmp/0xz  T_5.13, 4;
    %pushi/vec4 0, 0, 1;
    %store/vec4 v0x557951b7d6f0_0, 0, 1;
    %pushi/vec4 0, 0, 1;
    %store/vec4 v0x557951b7d8d0_0, 0, 1;
    %pushi/vec4 0, 0, 4;
    %store/vec4 v0x557951b7d480_0, 0, 4;
    %jmp T_5.14;
T_5.13 ;
    %load/vec4 v0x557951b7d480_0;
    %addi 3, 0, 4;
    %store/vec4 v0x557951b7d480_0, 0, 4;
    %pushi/vec4 0, 0, 1;
    %store/vec4 v0x557951b7d6f0_0, 0, 1;
    %load/vec4 v0x557951b7d480_0;
    %cmpi/e 15, 0, 4;
    %jmp/0xz  T_5.15, 4;
    %pushi/vec4 1, 0, 1;
    %store/vec4 v0x557951b7d8d0_0, 0, 1;
    %jmp T_5.16;
T_5.15 ;
    %pushi/vec4 0, 0, 1;
    %store/vec4 v0x557951b7d8d0_0, 0, 1;
T_5.16 ;
T_5.14 ;
    %jmp T_5.4;
T_5.3 ;
    %load/vec4 v0x557951b7d970_0;
    %pad/u 32;
    %cmpi/e 1, 0, 32;
    %jmp/0xz  T_5.17, 4;
    %pushi/vec4 0, 0, 1;
    %store/vec4 v0x557951b7d6f0_0, 0, 1;
    %pushi/vec4 0, 0, 1;
    %store/vec4 v0x557951b7d8d0_0, 0, 1;
    %pushi/vec4 0, 0, 4;
    %store/vec4 v0x557951b7d480_0, 0, 4;
    %jmp T_5.18;
T_5.17 ;
    %load/vec4 v0x557951b7d350_0;
    %store/vec4 v0x557951b7d480_0, 0, 4;
    %pushi/vec4 1, 0, 1;
    %store/vec4 v0x557951b7d6f0_0, 0, 1;
    %pushi/vec4 0, 0, 1;
    %store/vec4 v0x557951b7d8d0_0, 0, 1;
T_5.18 ;
    %jmp T_5.4;
T_5.4 ;
    %pop/vec4 1;
    %jmp T_5;
    .thread T_5;
    .scope S_0x557951b7de30;
T_6 ;
    %pushi/vec4 0, 0, 4;
    %store/vec4 v0x557951b7e200_0, 0, 4;
    %end;
    .thread T_6;
    .scope S_0x557951b7de30;
T_7 ;
    %wait E_0x557951af48e0;
    %load/vec4 v0x557951b7e510_0;
    %dup/vec4;
    %pushi/vec4 0, 0, 2;
    %cmp/u;
    %jmp/1 T_7.0, 6;
    %dup/vec4;
    %pushi/vec4 1, 0, 2;
    %cmp/u;
    %jmp/1 T_7.1, 6;
    %dup/vec4;
    %pushi/vec4 2, 0, 2;
    %cmp/u;
    %jmp/1 T_7.2, 6;
    %dup/vec4;
    %pushi/vec4 3, 0, 2;
    %cmp/u;
    %jmp/1 T_7.3, 6;
    %jmp T_7.4;
T_7.0 ;
    %load/vec4 v0x557951b7e650_0;
    %pad/u 32;
    %cmpi/e 1, 0, 32;
    %jmp/0xz  T_7.5, 4;
    %pushi/vec4 0, 0, 1;
    %store/vec4 v0x557951b7e420_0, 0, 1;
    %pushi/vec4 0, 0, 1;
    %store/vec4 v0x557951b7e5b0_0, 0, 1;
    %pushi/vec4 0, 0, 4;
    %store/vec4 v0x557951b7e200_0, 0, 4;
    %jmp T_7.6;
T_7.5 ;
    %load/vec4 v0x557951b7e200_0;
    %addi 1, 0, 4;
    %store/vec4 v0x557951b7e200_0, 0, 4;
    %pushi/vec4 0, 0, 1;
    %store/vec4 v0x557951b7e420_0, 0, 1;
    %load/vec4 v0x557951b7e200_0;
    %cmpi/e 15, 0, 4;
    %jmp/0xz  T_7.7, 4;
    %pushi/vec4 1, 0, 1;
    %store/vec4 v0x557951b7e5b0_0, 0, 1;
    %jmp T_7.8;
T_7.7 ;
    %pushi/vec4 0, 0, 1;
    %store/vec4 v0x557951b7e5b0_0, 0, 1;
T_7.8 ;
T_7.6 ;
    %jmp T_7.4;
T_7.1 ;
    %load/vec4 v0x557951b7e650_0;
    %pad/u 32;
    %cmpi/e 1, 0, 32;
    %jmp/0xz  T_7.9, 4;
    %pushi/vec4 0, 0, 1;
    %store/vec4 v0x557951b7e420_0, 0, 1;
    %pushi/vec4 0, 0, 1;
    %store/vec4 v0x557951b7e5b0_0, 0, 1;
    %pushi/vec4 0, 0, 4;
    %store/vec4 v0x557951b7e200_0, 0, 4;
    %jmp T_7.10;
T_7.9 ;
    %load/vec4 v0x557951b7e200_0;
    %subi 1, 0, 4;
    %store/vec4 v0x557951b7e200_0, 0, 4;
    %pushi/vec4 0, 0, 1;
    %store/vec4 v0x557951b7e420_0, 0, 1;
    %load/vec4 v0x557951b7e200_0;
    %pad/u 32;
    %cmpi/e 0, 0, 32;
    %jmp/0xz  T_7.11, 4;
    %pushi/vec4 1, 0, 1;
    %store/vec4 v0x557951b7e5b0_0, 0, 1;
    %jmp T_7.12;
T_7.11 ;
    %pushi/vec4 0, 0, 1;
    %store/vec4 v0x557951b7e5b0_0, 0, 1;
T_7.12 ;
T_7.10 ;
    %jmp T_7.4;
T_7.2 ;
    %load/vec4 v0x557951b7e650_0;
    %pad/u 32;
    %cmpi/e 1, 0, 32;
    %jmp/0xz  T_7.13, 4;
    %pushi/vec4 0, 0, 1;
    %store/vec4 v0x557951b7e420_0, 0, 1;
    %pushi/vec4 0, 0, 1;
    %store/vec4 v0x557951b7e5b0_0, 0, 1;
    %pushi/vec4 0, 0, 4;
    %store/vec4 v0x557951b7e200_0, 0, 4;
    %jmp T_7.14;
T_7.13 ;
    %load/vec4 v0x557951b7e200_0;
    %addi 3, 0, 4;
    %store/vec4 v0x557951b7e200_0, 0, 4;
    %pushi/vec4 0, 0, 1;
    %store/vec4 v0x557951b7e420_0, 0, 1;
    %load/vec4 v0x557951b7e200_0;
    %cmpi/e 15, 0, 4;
    %jmp/0xz  T_7.15, 4;
    %pushi/vec4 1, 0, 1;
    %store/vec4 v0x557951b7e5b0_0, 0, 1;
    %jmp T_7.16;
T_7.15 ;
    %pushi/vec4 0, 0, 1;
    %store/vec4 v0x557951b7e5b0_0, 0, 1;
T_7.16 ;
T_7.14 ;
    %jmp T_7.4;
T_7.3 ;
    %load/vec4 v0x557951b7e650_0;
    %pad/u 32;
    %cmpi/e 1, 0, 32;
    %jmp/0xz  T_7.17, 4;
    %pushi/vec4 0, 0, 1;
    %store/vec4 v0x557951b7e420_0, 0, 1;
    %pushi/vec4 0, 0, 1;
    %store/vec4 v0x557951b7e5b0_0, 0, 1;
    %pushi/vec4 0, 0, 4;
    %store/vec4 v0x557951b7e200_0, 0, 4;
    %jmp T_7.18;
T_7.17 ;
    %load/vec4 v0x557951b7e120_0;
    %store/vec4 v0x557951b7e200_0, 0, 4;
    %pushi/vec4 1, 0, 1;
    %store/vec4 v0x557951b7e420_0, 0, 1;
    %pushi/vec4 0, 0, 1;
    %store/vec4 v0x557951b7e5b0_0, 0, 1;
T_7.18 ;
    %jmp T_7.4;
T_7.4 ;
    %pop/vec4 1;
    %jmp T_7;
    .thread T_7;
    .scope S_0x557951b7eb10;
T_8 ;
    %pushi/vec4 0, 0, 4;
    %store/vec4 v0x557951b7eee0_0, 0, 4;
    %end;
    .thread T_8;
    .scope S_0x557951b7eb10;
T_9 ;
    %wait E_0x557951af48e0;
    %load/vec4 v0x557951b7f230_0;
    %dup/vec4;
    %pushi/vec4 0, 0, 2;
    %cmp/u;
    %jmp/1 T_9.0, 6;
    %dup/vec4;
    %pushi/vec4 1, 0, 2;
    %cmp/u;
    %jmp/1 T_9.1, 6;
    %dup/vec4;
    %pushi/vec4 2, 0, 2;
    %cmp/u;
    %jmp/1 T_9.2, 6;
    %dup/vec4;
    %pushi/vec4 3, 0, 2;
    %cmp/u;
    %jmp/1 T_9.3, 6;
    %jmp T_9.4;
T_9.0 ;
    %load/vec4 v0x557951b7f400_0;
    %pad/u 32;
    %cmpi/e 1, 0, 32;
    %jmp/0xz  T_9.5, 4;
    %pushi/vec4 0, 0, 1;
    %store/vec4 v0x557951b7f190_0, 0, 1;
    %pushi/vec4 0, 0, 1;
    %store/vec4 v0x557951b7f360_0, 0, 1;
    %pushi/vec4 0, 0, 4;
    %store/vec4 v0x557951b7eee0_0, 0, 4;
    %jmp T_9.6;
T_9.5 ;
    %load/vec4 v0x557951b7eee0_0;
    %addi 1, 0, 4;
    %store/vec4 v0x557951b7eee0_0, 0, 4;
    %pushi/vec4 0, 0, 1;
    %store/vec4 v0x557951b7f190_0, 0, 1;
    %load/vec4 v0x557951b7eee0_0;
    %cmpi/e 15, 0, 4;
    %jmp/0xz  T_9.7, 4;
    %pushi/vec4 1, 0, 1;
    %store/vec4 v0x557951b7f360_0, 0, 1;
    %jmp T_9.8;
T_9.7 ;
    %pushi/vec4 0, 0, 1;
    %store/vec4 v0x557951b7f360_0, 0, 1;
T_9.8 ;
T_9.6 ;
    %jmp T_9.4;
T_9.1 ;
    %load/vec4 v0x557951b7f400_0;
    %pad/u 32;
    %cmpi/e 1, 0, 32;
    %jmp/0xz  T_9.9, 4;
    %pushi/vec4 0, 0, 1;
    %store/vec4 v0x557951b7f190_0, 0, 1;
    %pushi/vec4 0, 0, 1;
    %store/vec4 v0x557951b7f360_0, 0, 1;
    %pushi/vec4 0, 0, 4;
    %store/vec4 v0x557951b7eee0_0, 0, 4;
    %jmp T_9.10;
T_9.9 ;
    %load/vec4 v0x557951b7eee0_0;
    %subi 1, 0, 4;
    %store/vec4 v0x557951b7eee0_0, 0, 4;
    %pushi/vec4 0, 0, 1;
    %store/vec4 v0x557951b7f190_0, 0, 1;
    %load/vec4 v0x557951b7eee0_0;
    %pad/u 32;
    %cmpi/e 0, 0, 32;
    %jmp/0xz  T_9.11, 4;
    %pushi/vec4 1, 0, 1;
    %store/vec4 v0x557951b7f360_0, 0, 1;
    %jmp T_9.12;
T_9.11 ;
    %pushi/vec4 0, 0, 1;
    %store/vec4 v0x557951b7f360_0, 0, 1;
T_9.12 ;
T_9.10 ;
    %jmp T_9.4;
T_9.2 ;
    %load/vec4 v0x557951b7f400_0;
    %pad/u 32;
    %cmpi/e 1, 0, 32;
    %jmp/0xz  T_9.13, 4;
    %pushi/vec4 0, 0, 1;
    %store/vec4 v0x557951b7f190_0, 0, 1;
    %pushi/vec4 0, 0, 1;
    %store/vec4 v0x557951b7f360_0, 0, 1;
    %pushi/vec4 0, 0, 4;
    %store/vec4 v0x557951b7eee0_0, 0, 4;
    %jmp T_9.14;
T_9.13 ;
    %load/vec4 v0x557951b7eee0_0;
    %addi 3, 0, 4;
    %store/vec4 v0x557951b7eee0_0, 0, 4;
    %pushi/vec4 0, 0, 1;
    %store/vec4 v0x557951b7f190_0, 0, 1;
    %load/vec4 v0x557951b7eee0_0;
    %cmpi/e 15, 0, 4;
    %jmp/0xz  T_9.15, 4;
    %pushi/vec4 1, 0, 1;
    %store/vec4 v0x557951b7f360_0, 0, 1;
    %jmp T_9.16;
T_9.15 ;
    %pushi/vec4 0, 0, 1;
    %store/vec4 v0x557951b7f360_0, 0, 1;
T_9.16 ;
T_9.14 ;
    %jmp T_9.4;
T_9.3 ;
    %load/vec4 v0x557951b7f400_0;
    %pad/u 32;
    %cmpi/e 1, 0, 32;
    %jmp/0xz  T_9.17, 4;
    %pushi/vec4 0, 0, 1;
    %store/vec4 v0x557951b7f190_0, 0, 1;
    %pushi/vec4 0, 0, 1;
    %store/vec4 v0x557951b7f360_0, 0, 1;
    %pushi/vec4 0, 0, 4;
    %store/vec4 v0x557951b7eee0_0, 0, 4;
    %jmp T_9.18;
T_9.17 ;
    %load/vec4 v0x557951b7ee00_0;
    %store/vec4 v0x557951b7eee0_0, 0, 4;
    %pushi/vec4 1, 0, 1;
    %store/vec4 v0x557951b7f190_0, 0, 1;
    %pushi/vec4 0, 0, 1;
    %store/vec4 v0x557951b7f360_0, 0, 1;
T_9.18 ;
    %jmp T_9.4;
T_9.4 ;
    %pop/vec4 1;
    %jmp T_9;
    .thread T_9;
    .scope S_0x557951b7f860;
T_10 ;
    %pushi/vec4 0, 0, 4;
    %store/vec4 v0x557951b7fb90_0, 0, 4;
    %end;
    .thread T_10;
    .scope S_0x557951b7f860;
T_11 ;
    %wait E_0x557951af48e0;
    %load/vec4 v0x557951b7fea0_0;
    %dup/vec4;
    %pushi/vec4 0, 0, 2;
    %cmp/u;
    %jmp/1 T_11.0, 6;
    %dup/vec4;
    %pushi/vec4 1, 0, 2;
    %cmp/u;
    %jmp/1 T_11.1, 6;
    %dup/vec4;
    %pushi/vec4 2, 0, 2;
    %cmp/u;
    %jmp/1 T_11.2, 6;
    %dup/vec4;
    %pushi/vec4 3, 0, 2;
    %cmp/u;
    %jmp/1 T_11.3, 6;
    %jmp T_11.4;
T_11.0 ;
    %load/vec4 v0x557951b7ffe0_0;
    %pad/u 32;
    %cmpi/e 1, 0, 32;
    %jmp/0xz  T_11.5, 4;
    %pushi/vec4 0, 0, 1;
    %store/vec4 v0x557951b7fdb0_0, 0, 1;
    %pushi/vec4 0, 0, 1;
    %store/vec4 v0x557951b7ff40_0, 0, 1;
    %pushi/vec4 0, 0, 4;
    %store/vec4 v0x557951b7fb90_0, 0, 4;
    %jmp T_11.6;
T_11.5 ;
    %load/vec4 v0x557951b7fb90_0;
    %addi 1, 0, 4;
    %store/vec4 v0x557951b7fb90_0, 0, 4;
    %pushi/vec4 0, 0, 1;
    %store/vec4 v0x557951b7fdb0_0, 0, 1;
    %load/vec4 v0x557951b7fb90_0;
    %cmpi/e 15, 0, 4;
    %jmp/0xz  T_11.7, 4;
    %pushi/vec4 1, 0, 1;
    %store/vec4 v0x557951b7ff40_0, 0, 1;
    %jmp T_11.8;
T_11.7 ;
    %pushi/vec4 0, 0, 1;
    %store/vec4 v0x557951b7ff40_0, 0, 1;
T_11.8 ;
T_11.6 ;
    %jmp T_11.4;
T_11.1 ;
    %load/vec4 v0x557951b7ffe0_0;
    %pad/u 32;
    %cmpi/e 1, 0, 32;
    %jmp/0xz  T_11.9, 4;
    %pushi/vec4 0, 0, 1;
    %store/vec4 v0x557951b7fdb0_0, 0, 1;
    %pushi/vec4 0, 0, 1;
    %store/vec4 v0x557951b7ff40_0, 0, 1;
    %pushi/vec4 0, 0, 4;
    %store/vec4 v0x557951b7fb90_0, 0, 4;
    %jmp T_11.10;
T_11.9 ;
    %load/vec4 v0x557951b7fb90_0;
    %subi 1, 0, 4;
    %store/vec4 v0x557951b7fb90_0, 0, 4;
    %pushi/vec4 0, 0, 1;
    %store/vec4 v0x557951b7fdb0_0, 0, 1;
    %load/vec4 v0x557951b7fb90_0;
    %pad/u 32;
    %cmpi/e 0, 0, 32;
    %jmp/0xz  T_11.11, 4;
    %pushi/vec4 1, 0, 1;
    %store/vec4 v0x557951b7ff40_0, 0, 1;
    %jmp T_11.12;
T_11.11 ;
    %pushi/vec4 0, 0, 1;
    %store/vec4 v0x557951b7ff40_0, 0, 1;
T_11.12 ;
T_11.10 ;
    %jmp T_11.4;
T_11.2 ;
    %load/vec4 v0x557951b7ffe0_0;
    %pad/u 32;
    %cmpi/e 1, 0, 32;
    %jmp/0xz  T_11.13, 4;
    %pushi/vec4 0, 0, 1;
    %store/vec4 v0x557951b7fdb0_0, 0, 1;
    %pushi/vec4 0, 0, 1;
    %store/vec4 v0x557951b7ff40_0, 0, 1;
    %pushi/vec4 0, 0, 4;
    %store/vec4 v0x557951b7fb90_0, 0, 4;
    %jmp T_11.14;
T_11.13 ;
    %load/vec4 v0x557951b7fb90_0;
    %addi 3, 0, 4;
    %store/vec4 v0x557951b7fb90_0, 0, 4;
    %pushi/vec4 0, 0, 1;
    %store/vec4 v0x557951b7fdb0_0, 0, 1;
    %load/vec4 v0x557951b7fb90_0;
    %cmpi/e 15, 0, 4;
    %jmp/0xz  T_11.15, 4;
    %pushi/vec4 1, 0, 1;
    %store/vec4 v0x557951b7ff40_0, 0, 1;
    %jmp T_11.16;
T_11.15 ;
    %pushi/vec4 0, 0, 1;
    %store/vec4 v0x557951b7ff40_0, 0, 1;
T_11.16 ;
T_11.14 ;
    %jmp T_11.4;
T_11.3 ;
    %load/vec4 v0x557951b7ffe0_0;
    %pad/u 32;
    %cmpi/e 1, 0, 32;
    %jmp/0xz  T_11.17, 4;
    %pushi/vec4 0, 0, 1;
    %store/vec4 v0x557951b7fdb0_0, 0, 1;
    %pushi/vec4 0, 0, 1;
    %store/vec4 v0x557951b7ff40_0, 0, 1;
    %pushi/vec4 0, 0, 4;
    %store/vec4 v0x557951b7fb90_0, 0, 4;
    %jmp T_11.18;
T_11.17 ;
    %load/vec4 v0x557951b7fab0_0;
    %store/vec4 v0x557951b7fb90_0, 0, 4;
    %pushi/vec4 1, 0, 1;
    %store/vec4 v0x557951b7fdb0_0, 0, 1;
    %pushi/vec4 0, 0, 1;
    %store/vec4 v0x557951b7ff40_0, 0, 1;
T_11.18 ;
    %jmp T_11.4;
T_11.4 ;
    %pop/vec4 1;
    %jmp T_11;
    .thread T_11;
    .scope S_0x557951b80450;
T_12 ;
    %pushi/vec4 0, 0, 4;
    %store/vec4 v0x557951b80820_0, 0, 4;
    %end;
    .thread T_12;
    .scope S_0x557951b80450;
T_13 ;
    %wait E_0x557951af48e0;
    %load/vec4 v0x557951b80b30_0;
    %dup/vec4;
    %pushi/vec4 0, 0, 2;
    %cmp/u;
    %jmp/1 T_13.0, 6;
    %dup/vec4;
    %pushi/vec4 1, 0, 2;
    %cmp/u;
    %jmp/1 T_13.1, 6;
    %dup/vec4;
    %pushi/vec4 2, 0, 2;
    %cmp/u;
    %jmp/1 T_13.2, 6;
    %dup/vec4;
    %pushi/vec4 3, 0, 2;
    %cmp/u;
    %jmp/1 T_13.3, 6;
    %jmp T_13.4;
T_13.0 ;
    %load/vec4 v0x557951b80c70_0;
    %pad/u 32;
    %cmpi/e 1, 0, 32;
    %jmp/0xz  T_13.5, 4;
    %pushi/vec4 0, 0, 1;
    %store/vec4 v0x557951b80a40_0, 0, 1;
    %pushi/vec4 0, 0, 1;
    %store/vec4 v0x557951b80bd0_0, 0, 1;
    %pushi/vec4 0, 0, 4;
    %store/vec4 v0x557951b80820_0, 0, 4;
    %jmp T_13.6;
T_13.5 ;
    %load/vec4 v0x557951b80820_0;
    %addi 1, 0, 4;
    %store/vec4 v0x557951b80820_0, 0, 4;
    %pushi/vec4 0, 0, 1;
    %store/vec4 v0x557951b80a40_0, 0, 1;
    %load/vec4 v0x557951b80820_0;
    %cmpi/e 15, 0, 4;
    %jmp/0xz  T_13.7, 4;
    %pushi/vec4 1, 0, 1;
    %store/vec4 v0x557951b80bd0_0, 0, 1;
    %jmp T_13.8;
T_13.7 ;
    %pushi/vec4 0, 0, 1;
    %store/vec4 v0x557951b80bd0_0, 0, 1;
T_13.8 ;
T_13.6 ;
    %jmp T_13.4;
T_13.1 ;
    %load/vec4 v0x557951b80c70_0;
    %pad/u 32;
    %cmpi/e 1, 0, 32;
    %jmp/0xz  T_13.9, 4;
    %pushi/vec4 0, 0, 1;
    %store/vec4 v0x557951b80a40_0, 0, 1;
    %pushi/vec4 0, 0, 1;
    %store/vec4 v0x557951b80bd0_0, 0, 1;
    %pushi/vec4 0, 0, 4;
    %store/vec4 v0x557951b80820_0, 0, 4;
    %jmp T_13.10;
T_13.9 ;
    %load/vec4 v0x557951b80820_0;
    %subi 1, 0, 4;
    %store/vec4 v0x557951b80820_0, 0, 4;
    %pushi/vec4 0, 0, 1;
    %store/vec4 v0x557951b80a40_0, 0, 1;
    %load/vec4 v0x557951b80820_0;
    %pad/u 32;
    %cmpi/e 0, 0, 32;
    %jmp/0xz  T_13.11, 4;
    %pushi/vec4 1, 0, 1;
    %store/vec4 v0x557951b80bd0_0, 0, 1;
    %jmp T_13.12;
T_13.11 ;
    %pushi/vec4 0, 0, 1;
    %store/vec4 v0x557951b80bd0_0, 0, 1;
T_13.12 ;
T_13.10 ;
    %jmp T_13.4;
T_13.2 ;
    %load/vec4 v0x557951b80c70_0;
    %pad/u 32;
    %cmpi/e 1, 0, 32;
    %jmp/0xz  T_13.13, 4;
    %pushi/vec4 0, 0, 1;
    %store/vec4 v0x557951b80a40_0, 0, 1;
    %pushi/vec4 0, 0, 1;
    %store/vec4 v0x557951b80bd0_0, 0, 1;
    %pushi/vec4 0, 0, 4;
    %store/vec4 v0x557951b80820_0, 0, 4;
    %jmp T_13.14;
T_13.13 ;
    %load/vec4 v0x557951b80820_0;
    %addi 3, 0, 4;
    %store/vec4 v0x557951b80820_0, 0, 4;
    %pushi/vec4 0, 0, 1;
    %store/vec4 v0x557951b80a40_0, 0, 1;
    %load/vec4 v0x557951b80820_0;
    %cmpi/e 15, 0, 4;
    %jmp/0xz  T_13.15, 4;
    %pushi/vec4 1, 0, 1;
    %store/vec4 v0x557951b80bd0_0, 0, 1;
    %jmp T_13.16;
T_13.15 ;
    %pushi/vec4 0, 0, 1;
    %store/vec4 v0x557951b80bd0_0, 0, 1;
T_13.16 ;
T_13.14 ;
    %jmp T_13.4;
T_13.3 ;
    %load/vec4 v0x557951b80c70_0;
    %pad/u 32;
    %cmpi/e 1, 0, 32;
    %jmp/0xz  T_13.17, 4;
    %pushi/vec4 0, 0, 1;
    %store/vec4 v0x557951b80a40_0, 0, 1;
    %pushi/vec4 0, 0, 1;
    %store/vec4 v0x557951b80bd0_0, 0, 1;
    %pushi/vec4 0, 0, 4;
    %store/vec4 v0x557951b80820_0, 0, 4;
    %jmp T_13.18;
T_13.17 ;
    %load/vec4 v0x557951b80740_0;
    %store/vec4 v0x557951b80820_0, 0, 4;
    %pushi/vec4 1, 0, 1;
    %store/vec4 v0x557951b80a40_0, 0, 1;
    %pushi/vec4 0, 0, 1;
    %store/vec4 v0x557951b80bd0_0, 0, 1;
T_13.18 ;
    %jmp T_13.4;
T_13.4 ;
    %pop/vec4 1;
    %jmp T_13;
    .thread T_13;
    .scope S_0x557951b80e60;
T_14 ;
    %pushi/vec4 0, 0, 4;
    %store/vec4 v0x557951b811e0_0, 0, 4;
    %end;
    .thread T_14;
    .scope S_0x557951b80e60;
T_15 ;
    %wait E_0x557951af48e0;
    %load/vec4 v0x557951b814f0_0;
    %dup/vec4;
    %pushi/vec4 0, 0, 2;
    %cmp/u;
    %jmp/1 T_15.0, 6;
    %dup/vec4;
    %pushi/vec4 1, 0, 2;
    %cmp/u;
    %jmp/1 T_15.1, 6;
    %dup/vec4;
    %pushi/vec4 2, 0, 2;
    %cmp/u;
    %jmp/1 T_15.2, 6;
    %dup/vec4;
    %pushi/vec4 3, 0, 2;
    %cmp/u;
    %jmp/1 T_15.3, 6;
    %jmp T_15.4;
T_15.0 ;
    %load/vec4 v0x557951b81650_0;
    %pad/u 32;
    %cmpi/e 1, 0, 32;
    %jmp/0xz  T_15.5, 4;
    %pushi/vec4 0, 0, 1;
    %store/vec4 v0x557951b81400_0, 0, 1;
    %pushi/vec4 0, 0, 1;
    %store/vec4 v0x557951b815b0_0, 0, 1;
    %pushi/vec4 0, 0, 4;
    %store/vec4 v0x557951b811e0_0, 0, 4;
    %jmp T_15.6;
T_15.5 ;
    %load/vec4 v0x557951b811e0_0;
    %addi 1, 0, 4;
    %store/vec4 v0x557951b811e0_0, 0, 4;
    %pushi/vec4 0, 0, 1;
    %store/vec4 v0x557951b81400_0, 0, 1;
    %load/vec4 v0x557951b811e0_0;
    %cmpi/e 15, 0, 4;
    %jmp/0xz  T_15.7, 4;
    %pushi/vec4 1, 0, 1;
    %store/vec4 v0x557951b815b0_0, 0, 1;
    %jmp T_15.8;
T_15.7 ;
    %pushi/vec4 0, 0, 1;
    %store/vec4 v0x557951b815b0_0, 0, 1;
T_15.8 ;
T_15.6 ;
    %jmp T_15.4;
T_15.1 ;
    %load/vec4 v0x557951b81650_0;
    %pad/u 32;
    %cmpi/e 1, 0, 32;
    %jmp/0xz  T_15.9, 4;
    %pushi/vec4 0, 0, 1;
    %store/vec4 v0x557951b81400_0, 0, 1;
    %pushi/vec4 0, 0, 1;
    %store/vec4 v0x557951b815b0_0, 0, 1;
    %pushi/vec4 0, 0, 4;
    %store/vec4 v0x557951b811e0_0, 0, 4;
    %jmp T_15.10;
T_15.9 ;
    %load/vec4 v0x557951b811e0_0;
    %subi 1, 0, 4;
    %store/vec4 v0x557951b811e0_0, 0, 4;
    %pushi/vec4 0, 0, 1;
    %store/vec4 v0x557951b81400_0, 0, 1;
    %load/vec4 v0x557951b811e0_0;
    %pad/u 32;
    %cmpi/e 0, 0, 32;
    %jmp/0xz  T_15.11, 4;
    %pushi/vec4 1, 0, 1;
    %store/vec4 v0x557951b815b0_0, 0, 1;
    %jmp T_15.12;
T_15.11 ;
    %pushi/vec4 0, 0, 1;
    %store/vec4 v0x557951b815b0_0, 0, 1;
T_15.12 ;
T_15.10 ;
    %jmp T_15.4;
T_15.2 ;
    %load/vec4 v0x557951b81650_0;
    %pad/u 32;
    %cmpi/e 1, 0, 32;
    %jmp/0xz  T_15.13, 4;
    %pushi/vec4 0, 0, 1;
    %store/vec4 v0x557951b81400_0, 0, 1;
    %pushi/vec4 0, 0, 1;
    %store/vec4 v0x557951b815b0_0, 0, 1;
    %pushi/vec4 0, 0, 4;
    %store/vec4 v0x557951b811e0_0, 0, 4;
    %jmp T_15.14;
T_15.13 ;
    %load/vec4 v0x557951b811e0_0;
    %addi 3, 0, 4;
    %store/vec4 v0x557951b811e0_0, 0, 4;
    %pushi/vec4 0, 0, 1;
    %store/vec4 v0x557951b81400_0, 0, 1;
    %load/vec4 v0x557951b811e0_0;
    %cmpi/e 15, 0, 4;
    %jmp/0xz  T_15.15, 4;
    %pushi/vec4 1, 0, 1;
    %store/vec4 v0x557951b815b0_0, 0, 1;
    %jmp T_15.16;
T_15.15 ;
    %pushi/vec4 0, 0, 1;
    %store/vec4 v0x557951b815b0_0, 0, 1;
T_15.16 ;
T_15.14 ;
    %jmp T_15.4;
T_15.3 ;
    %load/vec4 v0x557951b81650_0;
    %pad/u 32;
    %cmpi/e 1, 0, 32;
    %jmp/0xz  T_15.17, 4;
    %pushi/vec4 0, 0, 1;
    %store/vec4 v0x557951b81400_0, 0, 1;
    %pushi/vec4 0, 0, 1;
    %store/vec4 v0x557951b815b0_0, 0, 1;
    %pushi/vec4 0, 0, 4;
    %store/vec4 v0x557951b811e0_0, 0, 4;
    %jmp T_15.18;
T_15.17 ;
    %load/vec4 v0x557951b81100_0;
    %store/vec4 v0x557951b811e0_0, 0, 4;
    %pushi/vec4 1, 0, 1;
    %store/vec4 v0x557951b81400_0, 0, 1;
    %pushi/vec4 0, 0, 1;
    %store/vec4 v0x557951b815b0_0, 0, 1;
T_15.18 ;
    %jmp T_15.4;
T_15.4 ;
    %pop/vec4 1;
    %jmp T_15;
    .thread T_15;
# The file index is used to find the file name in the following table.
:file_names 4;
    "N/A";
    "<interactive>";
    "contador32bits.v";
    "./contador.v";
