#! /usr/bin/vvp
:ivl_version "10.1 (stable)";
:ivl_delay_selection "TYPICAL";
:vpi_time_precision - 12;
:vpi_module "system";
:vpi_module "vhdl_sys";
:vpi_module "v2005_math";
:vpi_module "va_math";
S_0x558fbb5dd7e0 .scope module, "BUF" "BUF" 2 3;
 .timescale -9 -12;
    .port_info 0 /INPUT 1 "A"
    .port_info 1 /OUTPUT 1 "Y"
P_0x558fbb5cc360 .param/real "tpd" 0 2 5, Cr<m4800000000000000gfc4>; value=4.50000
o0x7f1ae3b90018 .functor BUFZ 1, C4<z>; HiZ drive
L_0x558fbb5cd460 .functor BUFZ 1, o0x7f1ae3b90018, C4<0>, C4<0>, C4<0>;
v0x558fbb5df510_0 .net "A", 0 0, o0x7f1ae3b90018;  0 drivers
v0x558fbb5fe910_0 .net "Y", 0 0, L_0x558fbb5cd460;  1 drivers
S_0x558fbb5cb790 .scope module, "BUFX2" "BUFX2" 2 15;
 .timescale -9 -12;
    .port_info 0 /INPUT 1 "A"
    .port_info 1 /OUTPUT 1 "Y"
P_0x558fbb5cb910 .param/real "tphhl" 0 2 23, Cr<m4ccccccccccccc00gfbf>; value=0.150000
P_0x558fbb5cb950 .param/real "tpllh" 0 2 22, Cr<m428f5c28f5c29000gfbf>; value=0.130000
o0x7f1ae3b900d8 .functor BUFZ 1, C4<z>; HiZ drive
L_0x558fbb5cb560 .functor BUF 1, o0x7f1ae3b900d8, C4<0>, C4<0>, C4<0>;
v0x558fbb5fea30_0 .net "A", 0 0, o0x7f1ae3b900d8;  0 drivers
v0x558fbb5feaf0_0 .net "Y", 0 0, L_0x558fbb5cb560;  1 drivers
S_0x558fbb5dee80 .scope module, "DFF" "DFF" 2 99;
 .timescale -9 -12;
    .port_info 0 /OUTPUT 1 "Q"
    .port_info 1 /OUTPUT 1 "Q_negative"
    .port_info 2 /INPUT 1 "D"
    .port_info 3 /INPUT 1 "C"
o0x7f1ae3b90198 .functor BUFZ 1, C4<z>; HiZ drive
v0x558fbb600ce0_0 .net "C", 0 0, o0x7f1ae3b90198;  0 drivers
o0x7f1ae3b901c8 .functor BUFZ 1, C4<z>; HiZ drive
v0x558fbb600dd0_0 .net "D", 0 0, o0x7f1ae3b901c8;  0 drivers
v0x558fbb600ee0_0 .net "D_negative", 0 0, L_0x558fbb5cb490;  1 drivers
v0x558fbb600fd0_0 .net "Q", 0 0, L_0x558fbb602710;  1 drivers
v0x558fbb6010c0_0 .net "Q_negative", 0 0, L_0x558fbb602950;  1 drivers
v0x558fbb601200_0 .net "x", 0 0, L_0x558fbb593e30;  1 drivers
v0x558fbb6012f0_0 .net "y", 0 0, L_0x558fbb602560;  1 drivers
S_0x558fbb5fec10 .scope module, "nand1" "NAND" 2 103, 2 43 0, S_0x558fbb5dee80;
 .timescale -9 -12;
    .port_info 0 /OUTPUT 1 "Y"
    .port_info 1 /INPUT 1 "A"
    .port_info 2 /INPUT 1 "B"
P_0x558fbb5fede0 .param/real "tphhl" 0 2 51, Cr<m4ccccccccccccc00gfbf>; value=0.150000
P_0x558fbb5fee20 .param/real "tpllh" 0 2 50, Cr<m428f5c28f5c29000gfbf>; value=0.130000
L_0x558fbb595980 .functor AND 1, o0x7f1ae3b90198, o0x7f1ae3b901c8, C4<1>, C4<1>;
L_0x558fbb593e30 .functor NOT 1, L_0x558fbb595980, C4<0>, C4<0>, C4<0>;
v0x558fbb5fef80_0 .net "A", 0 0, o0x7f1ae3b90198;  alias, 0 drivers
v0x558fbb5ff060_0 .net "B", 0 0, o0x7f1ae3b901c8;  alias, 0 drivers
v0x558fbb5ff120_0 .net "Y", 0 0, L_0x558fbb593e30;  alias, 1 drivers
v0x558fbb5ff1c0_0 .net *"_s0", 0 0, L_0x558fbb595980;  1 drivers
S_0x558fbb5ff320 .scope module, "nand2" "NAND" 2 104, 2 43 0, S_0x558fbb5dee80;
 .timescale -9 -12;
    .port_info 0 /OUTPUT 1 "Y"
    .port_info 1 /INPUT 1 "A"
    .port_info 2 /INPUT 1 "B"
P_0x558fbb5ff4f0 .param/real "tphhl" 0 2 51, Cr<m4ccccccccccccc00gfbf>; value=0.150000
P_0x558fbb5ff530 .param/real "tpllh" 0 2 50, Cr<m428f5c28f5c29000gfbf>; value=0.130000
L_0x558fbb6023b0 .functor AND 1, o0x7f1ae3b90198, L_0x558fbb5cb490, C4<1>, C4<1>;
L_0x558fbb602560 .functor NOT 1, L_0x558fbb6023b0, C4<0>, C4<0>, C4<0>;
v0x558fbb5ff670_0 .net "A", 0 0, o0x7f1ae3b90198;  alias, 0 drivers
v0x558fbb5ff730_0 .net "B", 0 0, L_0x558fbb5cb490;  alias, 1 drivers
v0x558fbb5ff7d0_0 .net "Y", 0 0, L_0x558fbb602560;  alias, 1 drivers
v0x558fbb5ff870_0 .net *"_s0", 0 0, L_0x558fbb6023b0;  1 drivers
S_0x558fbb5ff9d0 .scope module, "nand3" "NAND" 2 105, 2 43 0, S_0x558fbb5dee80;
 .timescale -9 -12;
    .port_info 0 /OUTPUT 1 "Y"
    .port_info 1 /INPUT 1 "A"
    .port_info 2 /INPUT 1 "B"
P_0x558fbb5ffbd0 .param/real "tphhl" 0 2 51, Cr<m4ccccccccccccc00gfbf>; value=0.150000
P_0x558fbb5ffc10 .param/real "tpllh" 0 2 50, Cr<m428f5c28f5c29000gfbf>; value=0.130000
L_0x558fbb6025f0 .functor AND 1, L_0x558fbb602950, L_0x558fbb602560, C4<1>, C4<1>;
L_0x558fbb602710 .functor NOT 1, L_0x558fbb6025f0, C4<0>, C4<0>, C4<0>;
v0x558fbb5ffd50_0 .net "A", 0 0, L_0x558fbb602950;  alias, 1 drivers
v0x558fbb5ffe10_0 .net "B", 0 0, L_0x558fbb602560;  alias, 1 drivers
v0x558fbb5fff00_0 .net "Y", 0 0, L_0x558fbb602710;  alias, 1 drivers
v0x558fbb5fffd0_0 .net *"_s0", 0 0, L_0x558fbb6025f0;  1 drivers
S_0x558fbb6000f0 .scope module, "nand4" "NAND" 2 106, 2 43 0, S_0x558fbb5dee80;
 .timescale -9 -12;
    .port_info 0 /OUTPUT 1 "Y"
    .port_info 1 /INPUT 1 "A"
    .port_info 2 /INPUT 1 "B"
P_0x558fbb6002c0 .param/real "tphhl" 0 2 51, Cr<m4ccccccccccccc00gfbf>; value=0.150000
P_0x558fbb600300 .param/real "tpllh" 0 2 50, Cr<m428f5c28f5c29000gfbf>; value=0.130000
L_0x558fbb6027a0 .functor AND 1, L_0x558fbb602710, L_0x558fbb593e30, C4<1>, C4<1>;
L_0x558fbb602950 .functor NOT 1, L_0x558fbb6027a0, C4<0>, C4<0>, C4<0>;
v0x558fbb600440_0 .net "A", 0 0, L_0x558fbb602710;  alias, 1 drivers
v0x558fbb600530_0 .net "B", 0 0, L_0x558fbb593e30;  alias, 1 drivers
v0x558fbb600600_0 .net "Y", 0 0, L_0x558fbb602950;  alias, 1 drivers
v0x558fbb600700_0 .net *"_s0", 0 0, L_0x558fbb6027a0;  1 drivers
S_0x558fbb6007e0 .scope module, "not1" "NOT" 2 102, 2 29 0, S_0x558fbb5dee80;
 .timescale -9 -12;
    .port_info 0 /OUTPUT 1 "Y"
    .port_info 1 /INPUT 1 "A"
P_0x558fbb600a00 .param/real "tphhl" 0 2 37, Cr<m4ccccccccccccc00gfbf>; value=0.150000
P_0x558fbb600a40 .param/real "tpllh" 0 2 36, Cr<m428f5c28f5c29000gfbf>; value=0.130000
L_0x558fbb5cb490 .functor NOT 1, o0x7f1ae3b901c8, C4<0>, C4<0>, C4<0>;
v0x558fbb600b30_0 .net "A", 0 0, o0x7f1ae3b901c8;  alias, 0 drivers
v0x558fbb600bf0_0 .net "Y", 0 0, L_0x558fbb5cb490;  alias, 1 drivers
S_0x558fbb5df000 .scope module, "NAND3" "NAND3" 2 57;
 .timescale -9 -12;
    .port_info 0 /OUTPUT 1 "Y"
    .port_info 1 /INPUT 1 "A"
    .port_info 2 /INPUT 1 "B"
    .port_info 3 /INPUT 1 "C"
P_0x558fbb5de4c0 .param/real "tphhl" 0 2 65, Cr<m4ccccccccccccc00gfbf>; value=0.150000
P_0x558fbb5de500 .param/real "tpllh" 0 2 64, Cr<m428f5c28f5c29000gfbf>; value=0.130000
o0x7f1ae3b90708 .functor BUFZ 1, C4<z>; HiZ drive
o0x7f1ae3b90738 .functor BUFZ 1, C4<z>; HiZ drive
L_0x558fbb602a70 .functor AND 1, o0x7f1ae3b90708, o0x7f1ae3b90738, C4<1>, C4<1>;
o0x7f1ae3b90768 .functor BUFZ 1, C4<z>; HiZ drive
L_0x558fbb602b30 .functor AND 1, L_0x558fbb602a70, o0x7f1ae3b90768, C4<1>, C4<1>;
L_0x558fbb602bd0 .functor NOT 1, L_0x558fbb602b30, C4<0>, C4<0>, C4<0>;
v0x558fbb601420_0 .net "A", 0 0, o0x7f1ae3b90708;  0 drivers
v0x558fbb601500_0 .net "B", 0 0, o0x7f1ae3b90738;  0 drivers
v0x558fbb6015c0_0 .net "C", 0 0, o0x7f1ae3b90768;  0 drivers
v0x558fbb601660_0 .net "Y", 0 0, L_0x558fbb602bd0;  1 drivers
v0x558fbb601720_0 .net *"_s0", 0 0, L_0x558fbb602a70;  1 drivers
v0x558fbb601850_0 .net *"_s2", 0 0, L_0x558fbb602b30;  1 drivers
S_0x558fbb5df180 .scope module, "NOR" "NOR" 2 71;
 .timescale -9 -12;
    .port_info 0 /OUTPUT 1 "Y"
    .port_info 1 /INPUT 1 "A"
    .port_info 2 /INPUT 1 "B"
P_0x558fbb5cba40 .param/real "tphhl" 0 2 79, Cr<m4ccccccccccccc00gfbf>; value=0.150000
P_0x558fbb5cba80 .param/real "tpllh" 0 2 78, Cr<m428f5c28f5c29000gfbf>; value=0.130000
o0x7f1ae3b908e8 .functor BUFZ 1, C4<z>; HiZ drive
o0x7f1ae3b90918 .functor BUFZ 1, C4<z>; HiZ drive
L_0x558fbb602c70 .functor OR 1, o0x7f1ae3b908e8, o0x7f1ae3b90918, C4<0>, C4<0>;
L_0x558fbb602d40 .functor NOT 1, L_0x558fbb602c70, C4<0>, C4<0>, C4<0>;
v0x558fbb6019b0_0 .net "A", 0 0, o0x7f1ae3b908e8;  0 drivers
v0x558fbb601a90_0 .net "B", 0 0, o0x7f1ae3b90918;  0 drivers
v0x558fbb601b50_0 .net "Y", 0 0, L_0x558fbb602d40;  1 drivers
v0x558fbb601bf0_0 .net *"_s0", 0 0, L_0x558fbb602c70;  1 drivers
S_0x558fbb5df300 .scope module, "NOR3" "NOR3" 2 85;
 .timescale -9 -12;
    .port_info 0 /OUTPUT 1 "Y"
    .port_info 1 /INPUT 1 "A"
    .port_info 2 /INPUT 1 "B"
P_0x558fbb5df480 .param/real "tphhl" 0 2 93, Cr<m4ccccccccccccc00gfbf>; value=0.150000
P_0x558fbb5df4c0 .param/real "tpllh" 0 2 92, Cr<m428f5c28f5c29000gfbf>; value=0.130000
o0x7f1ae3b90a38 .functor BUFZ 1, C4<z>; HiZ drive
o0x7f1ae3b90a68 .functor BUFZ 1, C4<z>; HiZ drive
L_0x558fbb602de0 .functor OR 1, o0x7f1ae3b90a38, o0x7f1ae3b90a68, C4<0>, C4<0>;
o0x7f1ae3b90a98 .functor BUFZ 1, C4<z>; HiZ drive
L_0x558fbb602eb0 .functor OR 1, L_0x558fbb602de0, o0x7f1ae3b90a98, C4<0>, C4<0>;
L_0x558fbb602fa0 .functor NOT 1, L_0x558fbb602eb0, C4<0>, C4<0>, C4<0>;
v0x558fbb601d50_0 .net "A", 0 0, o0x7f1ae3b90a38;  0 drivers
v0x558fbb601e10_0 .net "B", 0 0, o0x7f1ae3b90a68;  0 drivers
v0x558fbb601ed0_0 .net "C", 0 0, o0x7f1ae3b90a98;  0 drivers
v0x558fbb601f70_0 .net "Y", 0 0, L_0x558fbb602fa0;  1 drivers
v0x558fbb602030_0 .net *"_s0", 0 0, L_0x558fbb602de0;  1 drivers
v0x558fbb602160_0 .net *"_s2", 0 0, L_0x558fbb602eb0;  1 drivers
# The file index is used to find the file name in the following table.
:file_names 3;
    "N/A";
    "<interactive>";
    "cmos_cells2.v";
